#
# There is insufficient memory for the Java Runtime Environment to continue.
# Native memory allocation (malloc) failed to allocate 1319056 bytes for Chunk::new
# Possible reasons:
#   The system is out of physical RAM or swap space
#   The process is running with CompressedOops enabled, and the Java Heap may be blocking the growth of the native heap
# Possible solutions:
#   Reduce memory load on the system
#   Increase physical memory or swap space
#   Check if swap backing store is full
#   Decrease Java heap size (-Xmx/-Xms)
#   Decrease number of Java threads
#   Decrease Java thread stack sizes (-Xss)
#   Set larger code cache with -XX:ReservedCodeCacheSize=
#   JVM is running with Unscaled Compressed Oops mode in which the Java heap is
#     placed in the first 4GB address space. The Java Heap base address is the
#     maximum limit for the native heap growth. Please use -XX:HeapBaseMinAddress
#     to set the Java Heap base and to place the Java Heap above 4GB virtual address.
# This output file may be truncated or incomplete.
#
#  Out of Memory Error (./open/src/hotspot/share/memory/arena.cpp:197), pid=7944, tid=332
#
# JRE version: Java(TM) SE Runtime Environment 18.9 (11.0.11+9) (build 11.0.11+9-LTS-194)
# Java VM: Java HotSpot(TM) 64-Bit Server VM 18.9 (11.0.11+9-LTS-194, mixed mode, tiered, compressed oops, g1 gc, windows-amd64)
# No core dump will be written. Minidumps are not enabled by default on client versions of Windows
#

---------------  S U M M A R Y ------------

Command Line: -Dmaven.multiModuleProjectDirectory=E:\Java\my_e-shop -Dmaven.home=C:\Users\User\.m2\wrapper\dists\apache-maven-3.8.1-bin\2l5mhf2pq2clrde7f7qp1rdt5m\apache-maven-3.8.1 -Dclassworlds.conf=C:\Users\User\.m2\wrapper\dists\apache-maven-3.8.1-bin\2l5mhf2pq2clrde7f7qp1rdt5m\apache-maven-3.8.1\bin\m2.conf -Dmaven.ext.class.path=C:\Program Files\JetBrains\IntelliJ IDEA 2020.2.3\plugins\maven\lib\maven-event-listener.jar -javaagent:C:\Program Files\JetBrains\IntelliJ IDEA 2020.2.3\lib\idea_rt.jar=54206:C:\Program Files\JetBrains\IntelliJ IDEA 2020.2.3\bin -Dfile.encoding=UTF-8 org.codehaus.classworlds.Launcher -Didea.version=2020.2.3 clean install

Host: Intel(R) Core(TM) i5-10210U CPU @ 1.60GHz, 8 cores, 7G,  Windows 10 , 64 bit Build 17763 (10.0.17763.475)
Time: Tue Aug 10 14:09:05 2021 Caiaaiay Acey (ceia) elapsed time: 9.145912 seconds (0d 0h 0m 9s)

---------------  T H R E A D  ---------------

Current thread (0x000001a97afa5000):  JavaThread "C2 CompilerThread0" daemon [_thread_in_native, id=332, stack(0x0000004f49c00000,0x0000004f49d00000)]


Current CompileTask:
C2:   9145 6848   !   4       org.apache.maven.model.Model::clone (502 bytes)

Stack: [0x0000004f49c00000,0x0000004f49d00000]
Native frames: (J=compiled Java code, j=interpreted, Vv=VM code, C=native code)
V  [jvm.dll+0x616f2a]
V  [jvm.dll+0x74de7f]
V  [jvm.dll+0x74f505]
V  [jvm.dll+0x74fb83]
V  [jvm.dll+0x2436d8]
V  [jvm.dll+0xba68c]
V  [jvm.dll+0xbad8c]
V  [jvm.dll+0x2b3ee4]
V  [jvm.dll+0x52c0f6]
V  [jvm.dll+0x1fe9d7]
V  [jvm.dll+0x1fc10f]
V  [jvm.dll+0x17f0bc]
V  [jvm.dll+0x20b68c]
V  [jvm.dll+0x20978b]
V  [jvm.dll+0x7152c9]
V  [jvm.dll+0x70dfc4]
V  [jvm.dll+0x6160f6]
C  [ucrtbase.dll+0x2268a]
C  [KERNEL32.DLL+0x17974]
C  [ntdll.dll+0x5a2d1]


---------------  P R O C E S S  ---------------

Threads class SMR info:
_java_thread_list=0x000001a90f4a85e0, length=11, elements={
0x000001a96b2b9000, 0x000001a97af88000, 0x000001a97af91800, 0x000001a97afa3000,
0x000001a97afa4000, 0x000001a97afa5000, 0x000001a97afa8000, 0x000001a97b8fc000,
0x000001a97af22000, 0x000001a97bcac000, 0x000001a97bcac800
}

Java Threads: ( => current thread )
  0x000001a96b2b9000 JavaThread "main" [_thread_blocked, id=788, stack(0x0000004f49100000,0x0000004f49200000)]
  0x000001a97af88000 JavaThread "Reference Handler" daemon [_thread_blocked, id=704, stack(0x0000004f49800000,0x0000004f49900000)]
  0x000001a97af91800 JavaThread "Finalizer" daemon [_thread_blocked, id=9416, stack(0x0000004f49900000,0x0000004f49a00000)]
  0x000001a97afa3000 JavaThread "Signal Dispatcher" daemon [_thread_blocked, id=6772, stack(0x0000004f49a00000,0x0000004f49b00000)]
  0x000001a97afa4000 JavaThread "Attach Listener" daemon [_thread_blocked, id=1180, stack(0x0000004f49b00000,0x0000004f49c00000)]
=>0x000001a97afa5000 JavaThread "C2 CompilerThread0" daemon [_thread_in_native, id=332, stack(0x0000004f49c00000,0x0000004f49d00000)]
  0x000001a97afa8000 JavaThread "C1 CompilerThread0" daemon [_thread_blocked, id=7616, stack(0x0000004f49d00000,0x0000004f49e00000)]
  0x000001a97b8fc000 JavaThread "Sweeper thread" daemon [_thread_blocked, id=6928, stack(0x0000004f49e00000,0x0000004f49f00000)]
  0x000001a97af22000 JavaThread "Common-Cleaner" daemon [_thread_blocked, id=5724, stack(0x0000004f49f00000,0x0000004f4a000000)]
  0x000001a97bcac000 JavaThread "Monitor Ctrl-Break" daemon [_thread_in_native, id=288, stack(0x0000004f4a100000,0x0000004f4a200000)]
  0x000001a97bcac800 JavaThread "Service Thread" daemon [_thread_blocked, id=6276, stack(0x0000004f4a200000,0x0000004f4a300000)]

Other Threads:
  0x000001a97af66800 VMThread "VM Thread" [stack: 0x0000004f49700000,0x0000004f49800000] [id=2352]
  0x000001a97bbeb800 WatcherThread [stack: 0x0000004f4a300000,0x0000004f4a400000] [id=7816]
  0x000001a96b2cd000 GCTaskThread "GC Thread#0" [stack: 0x0000004f49200000,0x0000004f49300000] [id=6184]
  0x000001a97d0fd000 GCTaskThread "GC Thread#1" [stack: 0x0000004f4a400000,0x0000004f4a500000] [id=7848]
  0x000001a97cbc2800 GCTaskThread "GC Thread#2" [stack: 0x0000004f4a500000,0x0000004f4a600000] [id=9948]
  0x000001a96b301000 ConcurrentGCThread "G1 Main Marker" [stack: 0x0000004f49300000,0x0000004f49400000] [id=9260]
  0x000001a96b303000 ConcurrentGCThread "G1 Conc#0" [stack: 0x0000004f49400000,0x0000004f49500000] [id=2448]
  0x000001a97cca3800 ConcurrentGCThread "G1 Conc#1" [stack: 0x0000004f4a600000,0x0000004f4a700000] [id=6308]
  0x000001a97adca800 ConcurrentGCThread "G1 Refine#0" [stack: 0x0000004f49500000,0x0000004f49600000] [id=10360]
  0x000001a97adcb800 ConcurrentGCThread "G1 Young RemSet Sampling" [stack: 0x0000004f49600000,0x0000004f49700000] [id=5888]

Threads with active compile tasks:
C2 CompilerThread0   9414 6848   !   4       org.apache.maven.model.Model::clone (502 bytes)

VM state:not at safepoint (normal execution)

VM Mutex/Monitor currently owned by a thread: None

Heap address: 0x0000000082800000, size: 2008 MB, Compressed Oops mode: 32-bit
Narrow klass base: 0x0000000000000000, Narrow klass shift: 3
Compressed class space size: 1073741824 Address: 0x0000000100000000

Heap:
 garbage-first heap   total 155648K, used 97248K [0x0000000082800000, 0x0000000100000000)
  region size 1024K, 50 young (51200K), 10 survivors (10240K)
 Metaspace       used 38742K, capacity 39789K, committed 39964K, reserved 1085440K
  class space    used 4054K, capacity 4442K, committed 4480K, reserved 1048576K
Heap Regions: E=young(eden), S=young(survivor), O=old, HS=humongous(starts), HC=humongous(continues), CS=collection set, F=free, A=archive, TAMS=top-at-mark-start (previous, next)
|   0|0x0000000082800000, 0x0000000082900000, 0x0000000082900000|100%| O|  |TAMS 0x0000000082900000, 0x0000000082800000| Untracked 
|   1|0x0000000082900000, 0x0000000082a00000, 0x0000000082a00000|100%| O|  |TAMS 0x0000000082a00000, 0x0000000082900000| Untracked 
|   2|0x0000000082a00000, 0x0000000082b00000, 0x0000000082b00000|100%| O|  |TAMS 0x0000000082b00000, 0x0000000082a00000| Untracked 
|   3|0x0000000082b00000, 0x0000000082c00000, 0x0000000082c00000|100%| O|  |TAMS 0x0000000082c00000, 0x0000000082b00000| Untracked 
|   4|0x0000000082c00000, 0x0000000082d00000, 0x0000000082d00000|100%| O|  |TAMS 0x0000000082d00000, 0x0000000082c00000| Untracked 
|   5|0x0000000082d00000, 0x0000000082e00000, 0x0000000082e00000|100%| O|  |TAMS 0x0000000082e00000, 0x0000000082d00000| Untracked 
|   6|0x0000000082e00000, 0x0000000082f00000, 0x0000000082f00000|100%| O|  |TAMS 0x0000000082f00000, 0x0000000082e00000| Untracked 
|   7|0x0000000082f00000, 0x0000000083000000, 0x0000000083000000|100%| O|  |TAMS 0x0000000083000000, 0x0000000082f00000| Untracked 
|   8|0x0000000083000000, 0x0000000083100000, 0x0000000083100000|100%| O|  |TAMS 0x0000000083100000, 0x0000000083000000| Untracked 
|   9|0x0000000083100000, 0x0000000083200000, 0x0000000083200000|100%| O|  |TAMS 0x0000000083200000, 0x0000000083100000| Untracked 
|  10|0x0000000083200000, 0x0000000083300000, 0x0000000083300000|100%| O|  |TAMS 0x0000000083300000, 0x0000000083200000| Untracked 
|  11|0x0000000083300000, 0x0000000083400000, 0x0000000083400000|100%| O|  |TAMS 0x0000000083400000, 0x0000000083300000| Untracked 
|  12|0x0000000083400000, 0x0000000083500000, 0x0000000083500000|100%| O|  |TAMS 0x0000000083500000, 0x0000000083400000| Untracked 
|  13|0x0000000083500000, 0x0000000083600000, 0x0000000083600000|100%| O|  |TAMS 0x0000000083600000, 0x0000000083500000| Untracked 
|  14|0x0000000083600000, 0x0000000083700000, 0x0000000083700000|100%|HS|  |TAMS 0x0000000083600000, 0x0000000083600000| Complete 
|  15|0x0000000083700000, 0x0000000083800000, 0x0000000083800000|100%|HS|  |TAMS 0x0000000083800000, 0x0000000083700000| Complete 
|  16|0x0000000083800000, 0x0000000083900000, 0x0000000083900000|100%| O|  |TAMS 0x0000000083900000, 0x0000000083800000| Untracked 
|  17|0x0000000083900000, 0x0000000083a00000, 0x0000000083a00000|100%| O|  |TAMS 0x0000000083a00000, 0x0000000083900000| Untracked 
|  18|0x0000000083a00000, 0x0000000083b00000, 0x0000000083b00000|100%| O|  |TAMS 0x0000000083b00000, 0x0000000083a00000| Untracked 
|  19|0x0000000083b00000, 0x0000000083c00000, 0x0000000083c00000|100%| O|  |TAMS 0x0000000083c00000, 0x0000000083b00000| Untracked 
|  20|0x0000000083c00000, 0x0000000083d00000, 0x0000000083d00000|100%| O|  |TAMS 0x0000000083d00000, 0x0000000083c00000| Untracked 
|  21|0x0000000083d00000, 0x0000000083e00000, 0x0000000083e00000|100%| O|  |TAMS 0x0000000083daee00, 0x0000000083d00000| Untracked 
|  22|0x0000000083e00000, 0x0000000083f00000, 0x0000000083f00000|100%|HS|  |TAMS 0x0000000083e00000, 0x0000000083e00000| Complete 
|  23|0x0000000083f00000, 0x0000000084000000, 0x0000000084000000|100%|HS|  |TAMS 0x0000000083f00000, 0x0000000083f00000| Complete 
|  24|0x0000000084000000, 0x0000000084100000, 0x0000000084100000|100%| O|  |TAMS 0x0000000084000000, 0x0000000084000000| Untracked 
|  25|0x0000000084100000, 0x0000000084200000, 0x0000000084200000|100%| O|  |TAMS 0x0000000084100000, 0x0000000084100000| Untracked 
|  26|0x0000000084200000, 0x0000000084300000, 0x0000000084300000|100%| O|  |TAMS 0x0000000084200000, 0x0000000084200000| Untracked 
|  27|0x0000000084300000, 0x0000000084400000, 0x0000000084400000|100%| O|  |TAMS 0x0000000084300000, 0x0000000084300000| Untracked 
|  28|0x0000000084400000, 0x0000000084500000, 0x0000000084500000|100%| O|  |TAMS 0x0000000084400000, 0x0000000084400000| Untracked 
|  29|0x0000000084500000, 0x0000000084600000, 0x0000000084600000|100%| O|  |TAMS 0x0000000084500000, 0x0000000084500000| Untracked 
|  30|0x0000000084600000, 0x0000000084700000, 0x0000000084700000|100%| O|  |TAMS 0x0000000084600000, 0x0000000084600000| Untracked 
|  31|0x0000000084700000, 0x0000000084800000, 0x0000000084800000|100%| O|  |TAMS 0x0000000084700000, 0x0000000084700000| Untracked 
|  32|0x0000000084800000, 0x0000000084900000, 0x0000000084900000|100%| O|  |TAMS 0x0000000084800000, 0x0000000084800000| Untracked 
|  33|0x0000000084900000, 0x0000000084a00000, 0x0000000084a00000|100%|HS|  |TAMS 0x0000000084900000, 0x0000000084900000| Complete 
|  34|0x0000000084a00000, 0x0000000084b00000, 0x0000000084b00000|100%| O|  |TAMS 0x0000000084a00000, 0x0000000084a00000| Untracked 
|  35|0x0000000084b00000, 0x0000000084c00000, 0x0000000084c00000|100%| O|  |TAMS 0x0000000084b00000, 0x0000000084b00000| Untracked 
|  36|0x0000000084c00000, 0x0000000084d00000, 0x0000000084d00000|100%| O|  |TAMS 0x0000000084c00000, 0x0000000084c00000| Untracked 
|  37|0x0000000084d00000, 0x0000000084e00000, 0x0000000084e00000|100%| O|  |TAMS 0x0000000084d00000, 0x0000000084d00000| Untracked 
|  38|0x0000000084e00000, 0x0000000084f00000, 0x0000000084f00000|100%| O|  |TAMS 0x0000000084e00000, 0x0000000084e00000| Untracked 
|  39|0x0000000084f00000, 0x0000000084ff8000, 0x0000000085000000| 96%| O|  |TAMS 0x0000000084f00000, 0x0000000084f00000| Untracked 
|  40|0x0000000085000000, 0x0000000085000000, 0x0000000085100000|  0%| F|  |TAMS 0x0000000085000000, 0x0000000085000000| Untracked 
|  41|0x0000000085100000, 0x0000000085100000, 0x0000000085200000|  0%| F|  |TAMS 0x0000000085100000, 0x0000000085100000| Untracked 
|  42|0x0000000085200000, 0x0000000085200000, 0x0000000085300000|  0%| F|  |TAMS 0x0000000085200000, 0x0000000085200000| Untracked 
|  43|0x0000000085300000, 0x0000000085300000, 0x0000000085400000|  0%| F|  |TAMS 0x0000000085300000, 0x0000000085300000| Untracked 
|  44|0x0000000085400000, 0x0000000085400000, 0x0000000085500000|  0%| F|  |TAMS 0x0000000085400000, 0x0000000085400000| Untracked 
|  45|0x0000000085500000, 0x0000000085500000, 0x0000000085600000|  0%| F|  |TAMS 0x0000000085500000, 0x0000000085500000| Untracked 
|  46|0x0000000085600000, 0x0000000085700000, 0x0000000085700000|100%| O|  |TAMS 0x0000000085600000, 0x0000000085600000| Untracked 
|  47|0x0000000085700000, 0x0000000085800000, 0x0000000085800000|100%| O|  |TAMS 0x0000000085700000, 0x0000000085700000| Untracked 
|  48|0x0000000085800000, 0x0000000085900000, 0x0000000085900000|100%| O|  |TAMS 0x0000000085800000, 0x0000000085800000| Untracked 
|  49|0x0000000085900000, 0x0000000085a00000, 0x0000000085a00000|100%| O|  |TAMS 0x0000000085900000, 0x0000000085900000| Untracked 
|  50|0x0000000085a00000, 0x0000000085b00000, 0x0000000085b00000|100%| O|  |TAMS 0x0000000085a00000, 0x0000000085a00000| Untracked 
|  51|0x0000000085b00000, 0x0000000085c00000, 0x0000000085c00000|100%| O|  |TAMS 0x0000000085b00000, 0x0000000085b00000| Untracked 
|  52|0x0000000085c00000, 0x0000000085c00000, 0x0000000085d00000|  0%| F|  |TAMS 0x0000000085c00000, 0x0000000085c00000| Untracked 
|  53|0x0000000085d00000, 0x0000000085d00000, 0x0000000085e00000|  0%| F|  |TAMS 0x0000000085d00000, 0x0000000085d00000| Untracked 
|  54|0x0000000085e00000, 0x0000000085e00000, 0x0000000085f00000|  0%| F|  |TAMS 0x0000000085e00000, 0x0000000085e00000| Untracked 
|  55|0x0000000085f00000, 0x0000000085f00000, 0x0000000086000000|  0%| F|  |TAMS 0x0000000085f00000, 0x0000000085f00000| Untracked 
|  56|0x0000000086000000, 0x0000000086000000, 0x0000000086100000|  0%| F|  |TAMS 0x0000000086000000, 0x0000000086000000| Untracked 
|  57|0x0000000086100000, 0x0000000086100000, 0x0000000086200000|  0%| F|  |TAMS 0x0000000086100000, 0x0000000086100000| Untracked 
|  58|0x0000000086200000, 0x0000000086200000, 0x0000000086300000|  0%| F|  |TAMS 0x0000000086200000, 0x0000000086200000| Untracked 
|  59|0x0000000086300000, 0x0000000086300000, 0x0000000086400000|  0%| F|  |TAMS 0x0000000086300000, 0x0000000086300000| Untracked 
|  60|0x0000000086400000, 0x0000000086400000, 0x0000000086500000|  0%| F|  |TAMS 0x0000000086400000, 0x0000000086400000| Untracked 
|  61|0x0000000086500000, 0x0000000086500000, 0x0000000086600000|  0%| F|  |TAMS 0x0000000086500000, 0x0000000086500000| Untracked 
|  62|0x0000000086600000, 0x0000000086600000, 0x0000000086700000|  0%| F|  |TAMS 0x0000000086600000, 0x0000000086600000| Untracked 
|  63|0x0000000086700000, 0x0000000086700000, 0x0000000086800000|  0%| F|  |TAMS 0x0000000086700000, 0x0000000086700000| Untracked 
|  64|0x0000000086800000, 0x0000000086800000, 0x0000000086900000|  0%| F|  |TAMS 0x0000000086800000, 0x0000000086800000| Untracked 
|  65|0x0000000086900000, 0x0000000086900000, 0x0000000086a00000|  0%| F|  |TAMS 0x0000000086900000, 0x0000000086900000| Untracked 
|  66|0x0000000086a00000, 0x0000000086a00000, 0x0000000086b00000|  0%| F|  |TAMS 0x0000000086a00000, 0x0000000086a00000| Untracked 
|  67|0x0000000086b00000, 0x0000000086c00000, 0x0000000086c00000|100%| S|CS|TAMS 0x0000000086b00000, 0x0000000086b00000| Complete 
|  68|0x0000000086c00000, 0x0000000086d00000, 0x0000000086d00000|100%| S|CS|TAMS 0x0000000086c00000, 0x0000000086c00000| Complete 
|  69|0x0000000086d00000, 0x0000000086e00000, 0x0000000086e00000|100%| S|CS|TAMS 0x0000000086d00000, 0x0000000086d00000| Complete 
|  70|0x0000000086e00000, 0x0000000086f00000, 0x0000000086f00000|100%| S|CS|TAMS 0x0000000086e00000, 0x0000000086e00000| Complete 
|  71|0x0000000086f00000, 0x0000000087000000, 0x0000000087000000|100%| S|CS|TAMS 0x0000000086f00000, 0x0000000086f00000| Complete 
|  72|0x0000000087000000, 0x0000000087100000, 0x0000000087100000|100%| S|CS|TAMS 0x0000000087000000, 0x0000000087000000| Complete 
|  73|0x0000000087100000, 0x0000000087200000, 0x0000000087200000|100%| S|CS|TAMS 0x0000000087100000, 0x0000000087100000| Complete 
|  74|0x0000000087200000, 0x0000000087300000, 0x0000000087300000|100%| S|CS|TAMS 0x0000000087200000, 0x0000000087200000| Complete 
|  75|0x0000000087300000, 0x0000000087400000, 0x0000000087400000|100%| S|CS|TAMS 0x0000000087300000, 0x0000000087300000| Complete 
|  76|0x0000000087400000, 0x0000000087500000, 0x0000000087500000|100%| S|CS|TAMS 0x0000000087400000, 0x0000000087400000| Complete 
|  77|0x0000000087500000, 0x0000000087500000, 0x0000000087600000|  0%| F|  |TAMS 0x0000000087500000, 0x0000000087500000| Untracked 
|  78|0x0000000087600000, 0x0000000087600000, 0x0000000087700000|  0%| F|  |TAMS 0x0000000087600000, 0x0000000087600000| Untracked 
|  79|0x0000000087700000, 0x0000000087700000, 0x0000000087800000|  0%| F|  |TAMS 0x0000000087700000, 0x0000000087700000| Untracked 
|  80|0x0000000087800000, 0x0000000087800000, 0x0000000087900000|  0%| F|  |TAMS 0x0000000087800000, 0x0000000087800000| Untracked 
|  81|0x0000000087900000, 0x0000000087900000, 0x0000000087a00000|  0%| F|  |TAMS 0x0000000087900000, 0x0000000087900000| Untracked 
|  82|0x0000000087a00000, 0x0000000087a00000, 0x0000000087b00000|  0%| F|  |TAMS 0x0000000087a00000, 0x0000000087a00000| Untracked 
|  83|0x0000000087b00000, 0x0000000087b00000, 0x0000000087c00000|  0%| F|  |TAMS 0x0000000087b00000, 0x0000000087b00000| Untracked 
|  84|0x0000000087c00000, 0x0000000087c00000, 0x0000000087d00000|  0%| F|  |TAMS 0x0000000087c00000, 0x0000000087c00000| Untracked 
|  85|0x0000000087d00000, 0x0000000087d00000, 0x0000000087e00000|  0%| F|  |TAMS 0x0000000087d00000, 0x0000000087d00000| Untracked 
|  86|0x0000000087e00000, 0x0000000087e00000, 0x0000000087f00000|  0%| F|  |TAMS 0x0000000087e00000, 0x0000000087e00000| Untracked 
|  87|0x0000000087f00000, 0x0000000087f00000, 0x0000000088000000|  0%| F|  |TAMS 0x0000000087f00000, 0x0000000087f00000| Untracked 
|  88|0x0000000088000000, 0x0000000088000000, 0x0000000088100000|  0%| F|  |TAMS 0x0000000088000000, 0x0000000088000000| Untracked 
|  89|0x0000000088100000, 0x0000000088100000, 0x0000000088200000|  0%| F|  |TAMS 0x0000000088100000, 0x0000000088100000| Untracked 
|  90|0x0000000088200000, 0x0000000088200000, 0x0000000088300000|  0%| F|  |TAMS 0x0000000088200000, 0x0000000088200000| Untracked 
|  91|0x0000000088300000, 0x0000000088300000, 0x0000000088400000|  0%| F|  |TAMS 0x0000000088300000, 0x0000000088300000| Untracked 
|  92|0x0000000088400000, 0x0000000088400000, 0x0000000088500000|  0%| F|  |TAMS 0x0000000088400000, 0x0000000088400000| Untracked 
|  93|0x0000000088500000, 0x0000000088500000, 0x0000000088600000|  0%| F|  |TAMS 0x0000000088500000, 0x0000000088500000| Untracked 
|  94|0x0000000088600000, 0x0000000088600000, 0x0000000088700000|  0%| F|  |TAMS 0x0000000088600000, 0x0000000088600000| Untracked 
|  95|0x0000000088700000, 0x0000000088700000, 0x0000000088800000|  0%| F|  |TAMS 0x0000000088700000, 0x0000000088700000| Untracked 
|  96|0x0000000088800000, 0x0000000088800000, 0x0000000088900000|  0%| F|  |TAMS 0x0000000088800000, 0x0000000088800000| Untracked 
|  97|0x0000000088900000, 0x0000000088900000, 0x0000000088a00000|  0%| F|  |TAMS 0x0000000088900000, 0x0000000088900000| Untracked 
|  98|0x0000000088a00000, 0x0000000088a00000, 0x0000000088b00000|  0%| F|  |TAMS 0x0000000088a00000, 0x0000000088a00000| Untracked 
|  99|0x0000000088b00000, 0x0000000088b00000, 0x0000000088c00000|  0%| F|  |TAMS 0x0000000088b00000, 0x0000000088b00000| Untracked 
| 100|0x0000000088c00000, 0x0000000088c00000, 0x0000000088d00000|  0%| F|  |TAMS 0x0000000088c00000, 0x0000000088c00000| Untracked 
| 101|0x0000000088d00000, 0x0000000088d00000, 0x0000000088e00000|  0%| F|  |TAMS 0x0000000088d00000, 0x0000000088d00000| Untracked 
| 102|0x0000000088e00000, 0x0000000088e00000, 0x0000000088f00000|  0%| F|  |TAMS 0x0000000088e00000, 0x0000000088e00000| Untracked 
| 103|0x0000000088f00000, 0x0000000088f00000, 0x0000000089000000|  0%| F|  |TAMS 0x0000000088f00000, 0x0000000088f00000| Untracked 
| 104|0x0000000089000000, 0x0000000089000000, 0x0000000089100000|  0%| F|  |TAMS 0x0000000089000000, 0x0000000089000000| Untracked 
| 105|0x0000000089100000, 0x0000000089100000, 0x0000000089200000|  0%| F|  |TAMS 0x0000000089100000, 0x0000000089100000| Untracked 
| 106|0x0000000089200000, 0x0000000089200000, 0x0000000089300000|  0%| F|  |TAMS 0x0000000089200000, 0x0000000089200000| Untracked 
| 107|0x0000000089300000, 0x0000000089300000, 0x0000000089400000|  0%| F|  |TAMS 0x0000000089300000, 0x0000000089300000| Untracked 
| 108|0x0000000089400000, 0x0000000089400000, 0x0000000089500000|  0%| F|  |TAMS 0x0000000089400000, 0x0000000089400000| Untracked 
| 109|0x0000000089500000, 0x0000000089500000, 0x0000000089600000|  0%| F|  |TAMS 0x0000000089500000, 0x0000000089500000| Untracked 
| 110|0x0000000089600000, 0x0000000089600000, 0x0000000089700000|  0%| F|  |TAMS 0x0000000089600000, 0x0000000089600000| Untracked 
| 111|0x0000000089700000, 0x0000000089700000, 0x0000000089800000|  0%| F|  |TAMS 0x0000000089700000, 0x0000000089700000| Untracked 
| 112|0x0000000089800000, 0x0000000089800800, 0x0000000089900000|  0%| E|  |TAMS 0x0000000089800000, 0x0000000089800000| Complete 
| 113|0x0000000089900000, 0x0000000089a00000, 0x0000000089a00000|100%| E|CS|TAMS 0x0000000089900000, 0x0000000089900000| Complete 
| 114|0x0000000089a00000, 0x0000000089b00000, 0x0000000089b00000|100%| E|CS|TAMS 0x0000000089a00000, 0x0000000089a00000| Complete 
| 115|0x0000000089b00000, 0x0000000089c00000, 0x0000000089c00000|100%| E|CS|TAMS 0x0000000089b00000, 0x0000000089b00000| Complete 
| 116|0x0000000089c00000, 0x0000000089d00000, 0x0000000089d00000|100%| E|CS|TAMS 0x0000000089c00000, 0x0000000089c00000| Complete 
| 117|0x0000000089d00000, 0x0000000089e00000, 0x0000000089e00000|100%| E|CS|TAMS 0x0000000089d00000, 0x0000000089d00000| Complete 
| 118|0x0000000089e00000, 0x0000000089f00000, 0x0000000089f00000|100%| E|CS|TAMS 0x0000000089e00000, 0x0000000089e00000| Complete 
| 119|0x0000000089f00000, 0x000000008a000000, 0x000000008a000000|100%| E|CS|TAMS 0x0000000089f00000, 0x0000000089f00000| Complete 
| 120|0x000000008a000000, 0x000000008a100000, 0x000000008a100000|100%| E|CS|TAMS 0x000000008a000000, 0x000000008a000000| Complete 
| 121|0x000000008a100000, 0x000000008a200000, 0x000000008a200000|100%| E|CS|TAMS 0x000000008a100000, 0x000000008a100000| Complete 
| 122|0x000000008a200000, 0x000000008a300000, 0x000000008a300000|100%| E|CS|TAMS 0x000000008a200000, 0x000000008a200000| Complete 
| 123|0x000000008a300000, 0x000000008a400000, 0x000000008a400000|100%| E|CS|TAMS 0x000000008a300000, 0x000000008a300000| Complete 
| 124|0x000000008a400000, 0x000000008a500000, 0x000000008a500000|100%| E|CS|TAMS 0x000000008a400000, 0x000000008a400000| Complete 
| 125|0x000000008a500000, 0x000000008a600000, 0x000000008a600000|100%| E|CS|TAMS 0x000000008a500000, 0x000000008a500000| Complete 
| 126|0x000000008a600000, 0x000000008a700000, 0x000000008a700000|100%| E|CS|TAMS 0x000000008a600000, 0x000000008a600000| Complete 
| 127|0x000000008a700000, 0x000000008a800000, 0x000000008a800000|100%| E|CS|TAMS 0x000000008a700000, 0x000000008a700000| Complete 
| 128|0x000000008a800000, 0x000000008a900000, 0x000000008a900000|100%| E|CS|TAMS 0x000000008a800000, 0x000000008a800000| Complete 
| 129|0x000000008a900000, 0x000000008aa00000, 0x000000008aa00000|100%| E|CS|TAMS 0x000000008a900000, 0x000000008a900000| Complete 
| 130|0x000000008aa00000, 0x000000008ab00000, 0x000000008ab00000|100%| E|CS|TAMS 0x000000008aa00000, 0x000000008aa00000| Complete 
| 131|0x000000008ab00000, 0x000000008ac00000, 0x000000008ac00000|100%| E|CS|TAMS 0x000000008ab00000, 0x000000008ab00000| Complete 
| 132|0x000000008ac00000, 0x000000008ad00000, 0x000000008ad00000|100%| E|CS|TAMS 0x000000008ac00000, 0x000000008ac00000| Complete 
| 133|0x000000008ad00000, 0x000000008ae00000, 0x000000008ae00000|100%| E|CS|TAMS 0x000000008ad00000, 0x000000008ad00000| Complete 
| 134|0x000000008ae00000, 0x000000008af00000, 0x000000008af00000|100%| E|CS|TAMS 0x000000008ae00000, 0x000000008ae00000| Complete 
| 135|0x000000008af00000, 0x000000008b000000, 0x000000008b000000|100%| E|CS|TAMS 0x000000008af00000, 0x000000008af00000| Complete 
| 136|0x000000008b000000, 0x000000008b100000, 0x000000008b100000|100%| E|CS|TAMS 0x000000008b000000, 0x000000008b000000| Complete 
| 137|0x000000008b100000, 0x000000008b200000, 0x000000008b200000|100%| E|CS|TAMS 0x000000008b100000, 0x000000008b100000| Complete 
| 138|0x000000008b200000, 0x000000008b300000, 0x000000008b300000|100%| E|CS|TAMS 0x000000008b200000, 0x000000008b200000| Complete 
| 139|0x000000008b300000, 0x000000008b400000, 0x000000008b400000|100%| E|CS|TAMS 0x000000008b300000, 0x000000008b300000| Complete 
| 140|0x000000008b400000, 0x000000008b500000, 0x000000008b500000|100%| E|CS|TAMS 0x000000008b400000, 0x000000008b400000| Complete 
| 141|0x000000008b500000, 0x000000008b600000, 0x000000008b600000|100%| E|CS|TAMS 0x000000008b500000, 0x000000008b500000| Complete 
| 142|0x000000008b600000, 0x000000008b700000, 0x000000008b700000|100%| E|CS|TAMS 0x000000008b600000, 0x000000008b600000| Complete 
| 143|0x000000008b700000, 0x000000008b800000, 0x000000008b800000|100%| E|CS|TAMS 0x000000008b700000, 0x000000008b700000| Complete 
| 144|0x000000008b800000, 0x000000008b900000, 0x000000008b900000|100%| E|CS|TAMS 0x000000008b800000, 0x000000008b800000| Complete 
| 145|0x000000008b900000, 0x000000008ba00000, 0x000000008ba00000|100%| E|CS|TAMS 0x000000008b900000, 0x000000008b900000| Complete 
| 146|0x000000008ba00000, 0x000000008bb00000, 0x000000008bb00000|100%| E|CS|TAMS 0x000000008ba00000, 0x000000008ba00000| Complete 
| 147|0x000000008bb00000, 0x000000008bc00000, 0x000000008bc00000|100%| E|CS|TAMS 0x000000008bb00000, 0x000000008bb00000| Complete 
| 148|0x000000008bc00000, 0x000000008bd00000, 0x000000008bd00000|100%| E|CS|TAMS 0x000000008bc00000, 0x000000008bc00000| Complete 
| 149|0x000000008bd00000, 0x000000008be00000, 0x000000008be00000|100%| E|CS|TAMS 0x000000008bd00000, 0x000000008bd00000| Complete 
| 150|0x000000008be00000, 0x000000008bf00000, 0x000000008bf00000|100%| E|CS|TAMS 0x000000008be00000, 0x000000008be00000| Complete 
| 151|0x000000008bf00000, 0x000000008c000000, 0x000000008c000000|100%| E|CS|TAMS 0x000000008bf00000, 0x000000008bf00000| Complete 

Card table byte_map: [0x000001a973e80000,0x000001a974270000] _byte_map_base: 0x000001a973a6c000

Marking Bits (Prev, Next): (CMBitMap*) 0x000001a96b2f7378, (CMBitMap*) 0x000001a96b2f73b0
 Prev Bits: [0x000001a974660000, 0x000001a9765c0000)
 Next Bits: [0x000001a9765c0000, 0x000001a978520000)

Polling page: 0x000001a9692b0000

Metaspace:

Usage:
  Non-class:     34.52 MB capacity,    33.87 MB ( 98%) used,   587.57 KB (  2%) free+waste,    71.50 KB ( <1%) overhead. 
      Class:      4.34 MB capacity,     3.96 MB ( 91%) used,   357.73 KB (  8%) free+waste,    29.94 KB ( <1%) overhead. 
       Both:     38.86 MB capacity,    37.83 MB ( 97%) used,   945.30 KB (  2%) free+waste,   101.44 KB ( <1%) overhead. 

Virtual space:
  Non-class space:       36.00 MB reserved,      34.65 MB ( 96%) committed 
      Class space:        1.00 GB reserved,       4.38 MB ( <1%) committed 
             Both:        1.04 GB reserved,      39.03 MB (  4%) committed 

Chunk freelists:
   Non-Class:  1.13 KB
       Class:  768 bytes
        Both:  1.88 KB

CodeHeap 'non-profiled nmethods': size=120000Kb used=3741Kb max_used=3741Kb free=116258Kb
 bounds [0x000001a907ad0000, 0x000001a907e80000, 0x000001a90f000000]
CodeHeap 'profiled nmethods': size=120000Kb used=16200Kb max_used=16200Kb free=103800Kb
 bounds [0x000001a9005a0000, 0x000001a901580000, 0x000001a907ad0000]
CodeHeap 'non-nmethods': size=5760Kb used=1163Kb max_used=1221Kb free=4596Kb
 bounds [0x000001a900000000, 0x000001a900270000, 0x000001a9005a0000]
 total_blobs=7436 nmethods=6925 adapters=422
 compilation: enabled
              stopped_count=0, restarted_count=0
 full_count=0

Compilation events (10 events):
Event: 9.041 Thread 0x000001a97afa8000 6905       3       java.util.Arrays::binarySearch (9 bytes)
Event: 9.041 Thread 0x000001a97afa8000 nmethod 6905 0x000001a901551410 code [0x000001a9015515c0, 0x000001a9015516e8]
Event: 9.041 Thread 0x000001a97afa8000 6906       3       java.util.Arrays::binarySearch0 (72 bytes)
Event: 9.041 Thread 0x000001a97afa8000 nmethod 6906 0x000001a901551790 code [0x000001a901551940, 0x000001a901551bb8]
Event: 9.053 Thread 0x000001a97afa8000 6907       3       java.lang.ProcessEnvironment$CheckedEntry::getKey (5 bytes)
Event: 9.054 Thread 0x000001a97afa8000 nmethod 6907 0x000001a901551d10 code [0x000001a901551ec0, 0x000001a9015521c8]
Event: 9.054 Thread 0x000001a97afa8000 6909       3       java.lang.ProcessEnvironment$NameComparator::compare (90 bytes)
Event: 9.055 Thread 0x000001a97afa8000 nmethod 6909 0x000001a901552310 code [0x000001a901552620, 0x000001a9015538b8]
Event: 9.055 Thread 0x000001a97afa8000 6908       3       java.lang.ProcessEnvironment$CheckedEntry::getKey (13 bytes)
Event: 9.055 Thread 0x000001a97afa8000 nmethod 6908 0x000001a901554190 code [0x000001a901554340, 0x000001a9015545e8]

GC Heap History (10 events):
Event: 6.633 GC heap before
{Heap before GC invocations=7 (full 0):
 garbage-first heap   total 155648K, used 35994K [0x0000000082800000, 0x0000000100000000)
  region size 1024K, 16 young (16384K), 7 survivors (7168K)
 Metaspace       used 34876K, capacity 35722K, committed 35888K, reserved 1081344K
  class space    used 3666K, capacity 3964K, committed 3968K, reserved 1048576K
}
Event: 6.636 GC heap after
{Heap after GC invocations=8 (full 0):
 garbage-first heap   total 155648K, used 28347K [0x0000000082800000, 0x0000000100000000)
  region size 1024K, 7 young (7168K), 7 survivors (7168K)
 Metaspace       used 34876K, capacity 35722K, committed 35888K, reserved 1081344K
  class space    used 3666K, capacity 3964K, committed 3968K, reserved 1048576K
}
Event: 7.996 GC heap before
{Heap before GC invocations=9 (full 0):
 garbage-first heap   total 155648K, used 134843K [0x0000000082800000, 0x0000000100000000)
  region size 1024K, 87 young (89088K), 7 survivors (7168K)
 Metaspace       used 37372K, capacity 38356K, committed 38556K, reserved 1083392K
  class space    used 3966K, capacity 4309K, committed 4352K, reserved 1048576K
}
Event: 8.004 GC heap after
{Heap after GC invocations=10 (full 0):
 garbage-first heap   total 155648K, used 32364K [0x0000000082800000, 0x0000000100000000)
  region size 1024K, 4 young (4096K), 4 survivors (4096K)
 Metaspace       used 37372K, capacity 38356K, committed 38556K, reserved 1083392K
  class space    used 3966K, capacity 4309K, committed 4352K, reserved 1048576K
}
Event: 8.278 GC heap before
{Heap before GC invocations=10 (full 0):
 garbage-first heap   total 155648K, used 115308K [0x0000000082800000, 0x0000000100000000)
  region size 1024K, 84 young (86016K), 4 survivors (4096K)
 Metaspace       used 37476K, capacity 38488K, committed 38556K, reserved 1083392K
  class space    used 3966K, capacity 4309K, committed 4352K, reserved 1048576K
}
Event: 8.285 GC heap after
{Heap after GC invocations=11 (full 0):
 garbage-first heap   total 155648K, used 42580K [0x0000000082800000, 0x0000000100000000)
  region size 1024K, 11 young (11264K), 11 survivors (11264K)
 Metaspace       used 37476K, capacity 38488K, committed 38556K, reserved 1083392K
  class space    used 3966K, capacity 4309K, committed 4352K, reserved 1048576K
}
Event: 8.457 GC heap before
{Heap before GC invocations=11 (full 0):
 garbage-first heap   total 155648K, used 114260K [0x0000000082800000, 0x0000000100000000)
  region size 1024K, 81 young (82944K), 11 survivors (11264K)
 Metaspace       used 37777K, capacity 38764K, committed 38812K, reserved 1083392K
  class space    used 3971K, capacity 4314K, committed 4352K, reserved 1048576K
}
Event: 8.462 GC heap after
{Heap after GC invocations=12 (full 0):
 garbage-first heap   total 155648K, used 42258K [0x0000000082800000, 0x0000000100000000)
  region size 1024K, 4 young (4096K), 4 survivors (4096K)
 Metaspace       used 37777K, capacity 38764K, committed 38812K, reserved 1083392K
  class space    used 3971K, capacity 4314K, committed 4352K, reserved 1048576K
}
Event: 8.648 GC heap before
{Heap before GC invocations=12 (full 0):
 garbage-first heap   total 155648K, used 115986K [0x0000000082800000, 0x0000000100000000)
  region size 1024K, 75 young (76800K), 4 survivors (4096K)
 Metaspace       used 37843K, capacity 38893K, committed 39068K, reserved 1083392K
  class space    used 3973K, capacity 4314K, committed 4352K, reserved 1048576K
}
Event: 8.657 GC heap after
{Heap after GC invocations=13 (full 0):
 garbage-first heap   total 155648K, used 56288K [0x0000000082800000, 0x0000000100000000)
  region size 1024K, 10 young (10240K), 10 survivors (10240K)
 Metaspace       used 37843K, capacity 38893K, committed 39068K, reserved 1083392K
  class space    used 3973K, capacity 4314K, committed 4352K, reserved 1048576K
}

Deoptimization events (10 events):
Event: 9.041 Thread 0x000001a96b2b9000 Uncommon trap: reason=class_check action=maybe_recompile pc=0x000001a907c5ef04 method=java.util.Collections$UnmodifiableMap$UnmodifiableEntrySet$UnmodifiableEntry.getValue()Ljava/lang/Object; @ 4 c2
Event: 9.041 Thread 0x000001a96b2b9000 Uncommon trap: reason=class_check action=maybe_recompile pc=0x000001a907c6d5cc method=java.util.Collections$UnmodifiableMap$UnmodifiableEntrySet$1.next()Ljava/util/Map$Entry; @ 8 c2
Event: 9.041 Thread 0x000001a96b2b9000 Uncommon trap: reason=class_check action=maybe_recompile pc=0x000001a907c55184 method=java.util.Collections$UnmodifiableMap$UnmodifiableEntrySet$UnmodifiableEntry.getKey()Ljava/lang/Object; @ 4 c2
Event: 9.041 Thread 0x000001a96b2b9000 Uncommon trap: reason=class_check action=maybe_recompile pc=0x000001a907c5ef04 method=java.util.Collections$UnmodifiableMap$UnmodifiableEntrySet$UnmodifiableEntry.getValue()Ljava/lang/Object; @ 4 c2
Event: 9.041 Thread 0x000001a96b2b9000 Uncommon trap: reason=class_check action=maybe_recompile pc=0x000001a907c6d5cc method=java.util.Collections$UnmodifiableMap$UnmodifiableEntrySet$1.next()Ljava/util/Map$Entry; @ 8 c2
Event: 9.041 Thread 0x000001a96b2b9000 Uncommon trap: reason=class_check action=maybe_recompile pc=0x000001a907c55184 method=java.util.Collections$UnmodifiableMap$UnmodifiableEntrySet$UnmodifiableEntry.getKey()Ljava/lang/Object; @ 4 c2
Event: 9.041 Thread 0x000001a96b2b9000 Uncommon trap: reason=class_check action=maybe_recompile pc=0x000001a907c5ef04 method=java.util.Collections$UnmodifiableMap$UnmodifiableEntrySet$UnmodifiableEntry.getValue()Ljava/lang/Object; @ 4 c2
Event: 9.041 Thread 0x000001a96b2b9000 Uncommon trap: reason=class_check action=maybe_recompile pc=0x000001a907c6d5cc method=java.util.Collections$UnmodifiableMap$UnmodifiableEntrySet$1.next()Ljava/util/Map$Entry; @ 8 c2
Event: 9.041 Thread 0x000001a96b2b9000 Uncommon trap: reason=class_check action=maybe_recompile pc=0x000001a907c55184 method=java.util.Collections$UnmodifiableMap$UnmodifiableEntrySet$UnmodifiableEntry.getKey()Ljava/lang/Object; @ 4 c2
Event: 9.041 Thread 0x000001a96b2b9000 Uncommon trap: reason=class_check action=maybe_recompile pc=0x000001a907c5ef04 method=java.util.Collections$UnmodifiableMap$UnmodifiableEntrySet$UnmodifiableEntry.getValue()Ljava/lang/Object; @ 4 c2

Classes redefined (0 events):
No events

Internal exceptions (10 events):
Event: 8.777 Thread 0x000001a96b2b9000 Exception <a 'sun/nio/fs/WindowsException'{0x000000008b706758}> (0x000000008b706758) thrown at [./open/src/hotspot/share/prims/jni.cpp, line 611]
Event: 8.777 Thread 0x000001a96b2b9000 Exception <a 'sun/nio/fs/WindowsException'{0x000000008b707760}> (0x000000008b707760) thrown at [./open/src/hotspot/share/prims/jni.cpp, line 611]
Event: 8.777 Thread 0x000001a96b2b9000 Exception <a 'sun/nio/fs/WindowsException'{0x000000008b707b48}> (0x000000008b707b48) thrown at [./open/src/hotspot/share/prims/jni.cpp, line 611]
Event: 8.780 Thread 0x000001a96b2b9000 Exception <a 'sun/nio/fs/WindowsException'{0x000000008b7bde10}> (0x000000008b7bde10) thrown at [./open/src/hotspot/share/prims/jni.cpp, line 611]
Event: 8.780 Thread 0x000001a96b2b9000 Exception <a 'sun/nio/fs/WindowsException'{0x000000008b7be518}> (0x000000008b7be518) thrown at [./open/src/hotspot/share/prims/jni.cpp, line 611]
Event: 8.780 Thread 0x000001a96b2b9000 Exception <a 'sun/nio/fs/WindowsException'{0x000000008b7bead8}> (0x000000008b7bead8) thrown at [./open/src/hotspot/share/prims/jni.cpp, line 611]
Event: 8.780 Thread 0x000001a96b2b9000 Exception <a 'sun/nio/fs/WindowsException'{0x000000008b7bf1c0}> (0x000000008b7bf1c0) thrown at [./open/src/hotspot/share/prims/jni.cpp, line 611]
Event: 8.780 Thread 0x000001a96b2b9000 Exception <a 'sun/nio/fs/WindowsException'{0x000000008b7bf430}> (0x000000008b7bf430) thrown at [./open/src/hotspot/share/prims/jni.cpp, line 611]
Event: 8.780 Thread 0x000001a96b2b9000 Exception <a 'sun/nio/fs/WindowsException'{0x000000008b7c0090}> (0x000000008b7c0090) thrown at [./open/src/hotspot/share/prims/jni.cpp, line 611]
Event: 8.786 Thread 0x000001a96b2b9000 Exception <a 'java/lang/NoSuchMethodError'{0x000000008b583b80}: org.apache.maven.execution.MavenExecutionRequest.getFailureBehavior()Ljava/lang/String;> (0x000000008b583b80) thrown at [./open/src/hotspot/share/interpreter/linkResolver.cpp, line 864]

Events (10 events):
Event: 9.041 Thread 0x000001a96b2b9000 DEOPT UNPACKING pc=0x000001a90002662f sp=0x0000004f491fd520 mode 2
Event: 9.041 Thread 0x000001a96b2b9000 Uncommon trap: trap_request=0xffffffde fr.pc=0x000001a907c5ef04 relative=0x0000000000000064
Event: 9.041 Thread 0x000001a96b2b9000 DEOPT PACKING pc=0x000001a907c5ef04 sp=0x0000004f491fd590
Event: 9.041 Thread 0x000001a96b2b9000 DEOPT UNPACKING pc=0x000001a90002662f sp=0x0000004f491fd520 mode 2
Event: 9.041 loading class java/lang/ProcessBuilder
Event: 9.052 loading class java/lang/ProcessBuilder done
Event: 9.052 loading class java/lang/ProcessImpl
Event: 9.053 loading class java/lang/Process
Event: 9.053 loading class java/lang/Process done
Event: 9.053 loading class java/lang/ProcessImpl done


Dynamic libraries:
0x00007ff63e5b0000 - 0x00007ff63e5bf000 	C:\Program Files\Java\jdk-11.0.11\bin\java.exe
0x00007ffffabb0000 - 0x00007ffffad9c000 	C:\Windows\SYSTEM32\ntdll.dll
0x00007ffffa160000 - 0x00007ffffa213000 	C:\Windows\System32\KERNEL32.DLL
0x00007ffff7970000 - 0x00007ffff7c04000 	C:\Windows\System32\KERNELBASE.dll
0x00007ffff7d10000 - 0x00007ffff7e0a000 	C:\Windows\System32\ucrtbase.dll
0x00007ffff2290000 - 0x00007ffff22a8000 	C:\Program Files\Java\jdk-11.0.11\bin\jli.dll
0x00007ffff2270000 - 0x00007ffff2285000 	C:\Program Files\Java\jdk-11.0.11\bin\VCRUNTIME140.dll
0x00007ffffab00000 - 0x00007ffffaba3000 	C:\Windows\System32\ADVAPI32.dll
0x00007ffffa9e0000 - 0x00007ffffaa7e000 	C:\Windows\System32\msvcrt.dll
0x00007ffff8360000 - 0x00007ffff83ff000 	C:\Windows\System32\sechost.dll
0x00007ffff8190000 - 0x00007ffff82b0000 	C:\Windows\System32\RPCRT4.dll
0x00007ffff7f80000 - 0x00007ffff8117000 	C:\Windows\System32\USER32.dll
0x00007ffff6d10000 - 0x00007ffff6d30000 	C:\Windows\System32\win32u.dll
0x00007ffff8400000 - 0x00007ffff8429000 	C:\Windows\System32\GDI32.dll
0x00007ffff6d50000 - 0x00007ffff6eec000 	C:\Windows\System32\gdi32full.dll
0x00007fffe27c0000 - 0x00007fffe2a39000 	C:\Windows\WinSxS\amd64_microsoft.windows.common-controls_6595b64144ccf1df_6.0.17763.1757_none_de724378534a71c4\COMCTL32.dll
0x00007ffff7100000 - 0x00007ffff71a0000 	C:\Windows\System32\msvcp_win.dll
0x00007ffff9a00000 - 0x00007ffff9d2e000 	C:\Windows\System32\combase.dll
0x00007ffff71a0000 - 0x00007ffff721f000 	C:\Windows\System32\bcryptPrimitives.dll
0x00007ffff02e0000 - 0x00007ffff02ea000 	C:\Windows\SYSTEM32\VERSION.dll
0x00007ffff8330000 - 0x00007ffff835e000 	C:\Windows\System32\IMM32.DLL
0x00007fffd8620000 - 0x00007fffd86bb000 	C:\Program Files\Java\jdk-11.0.11\bin\msvcp140.dll
0x00007fffb3180000 - 0x00007fffb3c7e000 	C:\Program Files\Java\jdk-11.0.11\bin\server\jvm.dll
0x00007ffff99f0000 - 0x00007ffff99f8000 	C:\Windows\System32\PSAPI.DLL
0x00007ffff4a40000 - 0x00007ffff4a64000 	C:\Windows\SYSTEM32\WINMM.dll
0x00007ffff3740000 - 0x00007ffff3749000 	C:\Windows\SYSTEM32\WSOCK32.dll
0x00007ffffa0f0000 - 0x00007ffffa15d000 	C:\Windows\System32\WS2_32.dll
0x00007ffff4a10000 - 0x00007ffff4a3d000 	C:\Windows\SYSTEM32\winmmbase.dll
0x00007ffff7c10000 - 0x00007ffff7c5a000 	C:\Windows\System32\cfgmgr32.dll
0x00007ffff6c40000 - 0x00007ffff6c51000 	C:\Windows\System32\kernel.appcore.dll
0x00007ffff3750000 - 0x00007ffff3760000 	C:\Program Files\Java\jdk-11.0.11\bin\verify.dll
0x00007ffff5570000 - 0x00007ffff575d000 	C:\Windows\SYSTEM32\DBGHELP.DLL
0x00007fffe0140000 - 0x00007fffe016a000 	C:\Windows\SYSTEM32\dbgcore.DLL
0x00007fffe78e0000 - 0x00007fffe7908000 	C:\Program Files\Java\jdk-11.0.11\bin\java.dll
0x00007fffedf30000 - 0x00007fffedf3a000 	C:\Program Files\Java\jdk-11.0.11\bin\jimage.dll
0x00007fffede80000 - 0x00007fffede8e000 	C:\Program Files\Java\jdk-11.0.11\bin\instrument.dll
0x00007fffed030000 - 0x00007fffed046000 	C:\Program Files\Java\jdk-11.0.11\bin\zip.dll
0x00007ffff8440000 - 0x00007ffff9939000 	C:\Windows\System32\SHELL32.dll
0x00007ffffa860000 - 0x00007ffffa908000 	C:\Windows\System32\shcore.dll
0x00007ffff7220000 - 0x00007ffff796b000 	C:\Windows\System32\windows.storage.dll
0x00007ffff6c80000 - 0x00007ffff6ca4000 	C:\Windows\System32\profapi.dll
0x00007ffff6be0000 - 0x00007ffff6c3d000 	C:\Windows\System32\powrprof.dll
0x00007ffffaaa0000 - 0x00007ffffaaf2000 	C:\Windows\System32\shlwapi.dll
0x00007ffff6d30000 - 0x00007ffff6d47000 	C:\Windows\System32\cryptsp.dll
0x00007fffecf70000 - 0x00007fffecf89000 	C:\Program Files\Java\jdk-11.0.11\bin\net.dll
0x00007fffeefb0000 - 0x00007fffef0ac000 	C:\Windows\SYSTEM32\WINHTTP.dll
0x00007ffff63e0000 - 0x00007ffff6447000 	C:\Windows\system32\mswsock.dll
0x00007fffe4250000 - 0x00007fffe4262000 	C:\Program Files\Java\jdk-11.0.11\bin\nio.dll
0x00007fffe1e00000 - 0x00007fffe1e1a000 	C:\Program Files\JetBrains\IntelliJ IDEA 2020.2.3\bin\breakgen64.dll
0x00007ffff5f70000 - 0x00007ffff5fa3000 	C:\Windows\system32\rsaenh.dll
0x00007ffff70d0000 - 0x00007ffff70f6000 	C:\Windows\System32\bcrypt.dll
0x00007ffff6ae0000 - 0x00007ffff6b09000 	C:\Windows\SYSTEM32\USERENV.dll
0x00007ffff65b0000 - 0x00007ffff65bc000 	C:\Windows\SYSTEM32\CRYPTBASE.dll
0x00007ffff6100000 - 0x00007ffff613d000 	C:\Windows\SYSTEM32\IPHLPAPI.DLL
0x00007ffff8430000 - 0x00007ffff8438000 	C:\Windows\System32\NSI.dll
0x00007ffff1460000 - 0x00007ffff1476000 	C:\Windows\SYSTEM32\dhcpcsvc6.DLL
0x00007fffefed0000 - 0x00007fffefeec000 	C:\Windows\SYSTEM32\dhcpcsvc.DLL
0x00007ffff6150000 - 0x00007ffff6216000 	C:\Windows\SYSTEM32\DNSAPI.dll
0x00007fffe4410000 - 0x00007fffe441a000 	C:\Temp\jansi-1.17.1-16598931408677325881.dll
0x00007fffe1cd0000 - 0x00007fffe1cda000 	C:\Temp\jansi-1.17.1-10156431908243880255.dll

dbghelp: loaded successfully - version: 4.0.5 - missing functions: none
symbol engine: initialized successfully - sym options: 0x614 - pdb path: .;C:\Program Files\Java\jdk-11.0.11\bin;C:\Windows\SYSTEM32;C:\Windows\WinSxS\amd64_microsoft.windows.common-controls_6595b64144ccf1df_6.0.17763.1757_none_de724378534a71c4;C:\Program Files\Java\jdk-11.0.11\bin\server;C:\Program Files\JetBrains\IntelliJ IDEA 2020.2.3\bin;C:\Temp

VM Arguments:
jvm_args: -Dmaven.multiModuleProjectDirectory=E:\Java\my_e-shop -Dmaven.home=C:\Users\User\.m2\wrapper\dists\apache-maven-3.8.1-bin\2l5mhf2pq2clrde7f7qp1rdt5m\apache-maven-3.8.1 -Dclassworlds.conf=C:\Users\User\.m2\wrapper\dists\apache-maven-3.8.1-bin\2l5mhf2pq2clrde7f7qp1rdt5m\apache-maven-3.8.1\bin\m2.conf -Dmaven.ext.class.path=C:\Program Files\JetBrains\IntelliJ IDEA 2020.2.3\plugins\maven\lib\maven-event-listener.jar -javaagent:C:\Program Files\JetBrains\IntelliJ IDEA 2020.2.3\lib\idea_rt.jar=54206:C:\Program Files\JetBrains\IntelliJ IDEA 2020.2.3\bin -Dfile.encoding=UTF-8 
java_command: org.codehaus.classworlds.Launcher -Didea.version=2020.2.3 clean install
java_class_path (initial): C:\Users\User\.m2\wrapper\dists\apache-maven-3.8.1-bin\2l5mhf2pq2clrde7f7qp1rdt5m\apache-maven-3.8.1\boot\plexus-classworlds-2.6.0.jar;C:\Users\User\.m2\wrapper\dists\apache-maven-3.8.1-bin\2l5mhf2pq2clrde7f7qp1rdt5m\apache-maven-3.8.1\boot\plexus-classworlds.license
Launcher Type: SUN_STANDARD

[Global flags]
     intx CICompilerCount                          = 4                                         {product} {ergonomic}
     uint ConcGCThreads                            = 2                                         {product} {ergonomic}
     uint G1ConcRefinementThreads                  = 8                                         {product} {ergonomic}
   size_t G1HeapRegionSize                         = 1048576                                   {product} {ergonomic}
    uintx GCDrainStackTargetSize                   = 64                                        {product} {ergonomic}
   size_t InitialHeapSize                          = 132120576                                 {product} {ergonomic}
   size_t MarkStackSize                            = 4194304                                   {product} {ergonomic}
   size_t MaxHeapSize                              = 2105540608                                {product} {ergonomic}
   size_t MaxNewSize                               = 1262485504                                {product} {ergonomic}
   size_t MinHeapDeltaBytes                        = 1048576                                   {product} {ergonomic}
    uintx NonNMethodCodeHeapSize                   = 5836300                                {pd product} {ergonomic}
    uintx NonProfiledCodeHeapSize                  = 122910970                              {pd product} {ergonomic}
    uintx ProfiledCodeHeapSize                     = 122910970                              {pd product} {ergonomic}
    uintx ReservedCodeCacheSize                    = 251658240                              {pd product} {ergonomic}
     bool SegmentedCodeCache                       = true                                      {product} {ergonomic}
     bool UseCompressedClassPointers               = true                                 {lp64_product} {ergonomic}
     bool UseCompressedOops                        = true                                 {lp64_product} {ergonomic}
     bool UseG1GC                                  = true                                      {product} {ergonomic}
     bool UseLargePagesIndividualAllocation        = false                                  {pd product} {ergonomic}

Logging:
Log output configuration:
 #0: stdout all=warning uptime,level,tags
 #1: stderr all=off uptime,level,tags

Environment Variables:
PATH=C:\Program Files\Common Files\Oracle\Java\javapath;C:\Program Files (x86)\Common Files\Oracle\Java\javapath;C:\Windows\system32;C:\Windows;C:\Windows\System32\Wbem;C:\Windows\System32\WindowsPowerShell\v1.0\;E:\Program Files\Git\cmd;C:\Program Files\PuTTY\;E:\Program Files\nodejs\;C:\Users\User\AppData\Local\Microsoft\WindowsApps;;C:\Users\User\AppData\Local\Programs\Microsoft VS Code\bin;C:\Users\User\AppData\Roaming\npm
USERNAME=User
OS=Windows_NT
PROCESSOR_IDENTIFIER=Intel64 Family 6 Model 142 Stepping 12, GenuineIntel



---------------  S Y S T E M  ---------------

OS: Windows 10 , 64 bit Build 17763 (10.0.17763.475)

CPU:total 8 (initial active 8) (4 cores per cpu, 2 threads per core) family 6 model 142 stepping 12 microcode 0xc6, cmov, cx8, fxsr, mmx, sse, sse2, sse3, ssse3, sse4.1, sse4.2, popcnt, avx, avx2, aes, clmul, erms, 3dnowpref, lzcnt, ht, tsc, tscinvbit, bmi1, bmi2, adx, fma

Memory: 4k page, system-wide physical 8027M (352M free)
TotalPageFile size 10075M (AvailPageFile size 10M)
current process WorkingSet (physical memory assigned to process): 294M, peak: 299M
current process commit charge ("private bytes"): 333M, peak: 340M

vm_info: Java HotSpot(TM) 64-Bit Server VM (11.0.11+9-LTS-194) for windows-amd64 JRE (11.0.11+9-LTS-194), built on Mar 18 2021 18:46:53 by "mach5one" with MS VC++ 15.9 (VS2017)

END.
